<?xml version="1.0" encoding="UTF-8"?>
<testsuite xmlns:xsi="http://www.w3.org/2001/XMLSchema-instance" xsi:noNamespaceSchemaLocation="https://maven.apache.org/surefire/maven-surefire-plugin/xsd/surefire-test-report-3.0.xsd" version="3.0" name="com.example.GradeCalculatorTest" time="0.049" tests="7" errors="0" skipped="0" failures="0">
  <properties>
[...]
</properties>
  <testcase name="shouldReturnGradeA" classname="com.example.GradeCalculatorTest" time="0.018"/>
  <testcase name="shouldReturnGradeB" classname="com.example.GradeCalculatorTest" time="0.001"/>
  <testcase name="shouldReturnGradeC" classname="com.example.GradeCalculatorTest" time="0.001"/>
  <testcase name="shouldReturnGradeD" classname="com.example.GradeCalculatorTest" time="0.001"/>
  <testcase name="shouldReturnGradeF" classname="com.example.GradeCalculatorTest" time="0.001"/>
  <testcase name="shouldThrowExceptionForNegativeMarks" classname="com.example.GradeCalculatorTest" time="0.001"/>
  <testcase name="shouldThrowExceptionForMarksAbove100" classname="com.example.GradeCalculatorTest" time="0.0"/>
</testsuite>